Determining if the pthread_create exist failed with the following output:
Change Dir: /home/ilya/Yandex.Disk/PROGRAMMING/MIPT/3rd_term/tasks/maxflow/cmake-build-debug/CMakeFiles/CMakeTmp

Run Build Command:"/usr/bin/make" "cmTC_c8adc/fast"
make[1]: вход в каталог «/home/ilya/Yandex.Disk/PROGRAMMING/MIPT/3rd_term/tasks/maxflow/cmake-build-debug/CMakeFiles/CMakeTmp»
/usr/bin/make -f CMakeFiles/cmTC_c8adc.dir/build.make CMakeFiles/cmTC_c8adc.dir/build
make[2]: вход в каталог «/home/ilya/Yandex.Disk/PROGRAMMING/MIPT/3rd_term/tasks/maxflow/cmake-build-debug/CMakeFiles/CMakeTmp»
Building C object CMakeFiles/cmTC_c8adc.dir/CheckSymbolExists.c.o
/usr/bin/cc     -o CMakeFiles/cmTC_c8adc.dir/CheckSymbolExists.c.o   -c /home/ilya/Yandex.Disk/PROGRAMMING/MIPT/3rd_term/tasks/maxflow/cmake-build-debug/CMakeFiles/CMakeTmp/CheckSymbolExists.c
Linking C executable cmTC_c8adc
/home/ilya/IDE/clion-2016.3.1/bin/cmake/bin/cmake -E cmake_link_script CMakeFiles/cmTC_c8adc.dir/link.txt --verbose=1
/usr/bin/cc       CMakeFiles/cmTC_c8adc.dir/CheckSymbolExists.c.o  -o cmTC_c8adc 
CMakeFiles/cmTC_c8adc.dir/CheckSymbolExists.c.o: In function `main':
CheckSymbolExists.c:(.text+0x16): undefined reference to `pthread_create'
collect2: ошибка: выполнение ld завершилось с кодом возврата 1
make[2]: *** [CMakeFiles/cmTC_c8adc.dir/build.make:98: cmTC_c8adc] Ошибка 1
make[2]: выход из каталога «/home/ilya/Yandex.Disk/PROGRAMMING/MIPT/3rd_term/tasks/maxflow/cmake-build-debug/CMakeFiles/CMakeTmp»
make[1]: *** [Makefile:126: cmTC_c8adc/fast] Ошибка 2
make[1]: выход из каталога «/home/ilya/Yandex.Disk/PROGRAMMING/MIPT/3rd_term/tasks/maxflow/cmake-build-debug/CMakeFiles/CMakeTmp»

File /home/ilya/Yandex.Disk/PROGRAMMING/MIPT/3rd_term/tasks/maxflow/cmake-build-debug/CMakeFiles/CMakeTmp/CheckSymbolExists.c:
/* */
#include <pthread.h>

int main(int argc, char** argv)
{
  (void)argv;
#ifndef pthread_create
  return ((int*)(&pthread_create))[argc];
#else
  (void)argc;
  return 0;
#endif
}

Determining if the function pthread_create exists in the pthreads failed with the following output:
Change Dir: /home/ilya/Yandex.Disk/PROGRAMMING/MIPT/3rd_term/tasks/maxflow/cmake-build-debug/CMakeFiles/CMakeTmp

Run Build Command:"/usr/bin/make" "cmTC_968b3/fast"
make[1]: вход в каталог «/home/ilya/Yandex.Disk/PROGRAMMING/MIPT/3rd_term/tasks/maxflow/cmake-build-debug/CMakeFiles/CMakeTmp»
/usr/bin/make -f CMakeFiles/cmTC_968b3.dir/build.make CMakeFiles/cmTC_968b3.dir/build
make[2]: вход в каталог «/home/ilya/Yandex.Disk/PROGRAMMING/MIPT/3rd_term/tasks/maxflow/cmake-build-debug/CMakeFiles/CMakeTmp»
Building C object CMakeFiles/cmTC_968b3.dir/CheckFunctionExists.c.o
/usr/bin/cc    -DCHECK_FUNCTION_EXISTS=pthread_create   -o CMakeFiles/cmTC_968b3.dir/CheckFunctionExists.c.o   -c /home/ilya/IDE/clion-2016.3.1/bin/cmake/share/cmake-3.6/Modules/CheckFunctionExists.c
Linking C executable cmTC_968b3
/home/ilya/IDE/clion-2016.3.1/bin/cmake/bin/cmake -E cmake_link_script CMakeFiles/cmTC_968b3.dir/link.txt --verbose=1
/usr/bin/cc   -DCHECK_FUNCTION_EXISTS=pthread_create    CMakeFiles/cmTC_968b3.dir/CheckFunctionExists.c.o  -o cmTC_968b3 -lpthreads 
/usr/bin/ld: cannot find -lpthreads
collect2: ошибка: выполнение ld завершилось с кодом возврата 1
make[2]: *** [CMakeFiles/cmTC_968b3.dir/build.make:98: cmTC_968b3] Ошибка 1
make[2]: выход из каталога «/home/ilya/Yandex.Disk/PROGRAMMING/MIPT/3rd_term/tasks/maxflow/cmake-build-debug/CMakeFiles/CMakeTmp»
make[1]: *** [Makefile:126: cmTC_968b3/fast] Ошибка 2
make[1]: выход из каталога «/home/ilya/Yandex.Disk/PROGRAMMING/MIPT/3rd_term/tasks/maxflow/cmake-build-debug/CMakeFiles/CMakeTmp»


