Determining if the pthread_create exist failed with the following output:
Change Dir: /home/ilya/Yandex.Disk/PROGRAMMING/MIPT/3rd_term/tasks/second_statistics/cmake-build-debug/CMakeFiles/CMakeTmp

Run Build Command:"/usr/bin/make" "cmTC_b9ccd/fast"
/usr/bin/make -f CMakeFiles/cmTC_b9ccd.dir/build.make CMakeFiles/cmTC_b9ccd.dir/build
make[1]: вход в каталог «/home/ilya/Yandex.Disk/PROGRAMMING/MIPT/3rd_term/tasks/second_statistics/cmake-build-debug/CMakeFiles/CMakeTmp»
Building C object CMakeFiles/cmTC_b9ccd.dir/CheckSymbolExists.c.o
/usr/bin/cc     -o CMakeFiles/cmTC_b9ccd.dir/CheckSymbolExists.c.o   -c /home/ilya/Yandex.Disk/PROGRAMMING/MIPT/3rd_term/tasks/second_statistics/cmake-build-debug/CMakeFiles/CMakeTmp/CheckSymbolExists.c
Linking C executable cmTC_b9ccd
/home/ilya/IDE/clion-2016.3.1/bin/cmake/bin/cmake -E cmake_link_script CMakeFiles/cmTC_b9ccd.dir/link.txt --verbose=1
/usr/bin/cc       CMakeFiles/cmTC_b9ccd.dir/CheckSymbolExists.c.o  -o cmTC_b9ccd -rdynamic 
CMakeFiles/cmTC_b9ccd.dir/CheckSymbolExists.c.o: In function `main':
CheckSymbolExists.c:(.text+0x16): undefined reference to `pthread_create'
collect2: ошибка: выполнение ld завершилось с кодом возврата 1
make[1]: *** [CMakeFiles/cmTC_b9ccd.dir/build.make:98: cmTC_b9ccd] Ошибка 1
make[1]: выход из каталога «/home/ilya/Yandex.Disk/PROGRAMMING/MIPT/3rd_term/tasks/second_statistics/cmake-build-debug/CMakeFiles/CMakeTmp»
make: *** [Makefile:126: cmTC_b9ccd/fast] Ошибка 2

File /home/ilya/Yandex.Disk/PROGRAMMING/MIPT/3rd_term/tasks/second_statistics/cmake-build-debug/CMakeFiles/CMakeTmp/CheckSymbolExists.c:
/* */
#include <pthread.h>

int main(int argc, char** argv)
{
  (void)argv;
#ifndef pthread_create
  return ((int*)(&pthread_create))[argc];
#else
  (void)argc;
  return 0;
#endif
}

Determining if the function pthread_create exists in the pthreads failed with the following output:
Change Dir: /home/ilya/Yandex.Disk/PROGRAMMING/MIPT/3rd_term/tasks/second_statistics/cmake-build-debug/CMakeFiles/CMakeTmp

Run Build Command:"/usr/bin/make" "cmTC_6a6d1/fast"
/usr/bin/make -f CMakeFiles/cmTC_6a6d1.dir/build.make CMakeFiles/cmTC_6a6d1.dir/build
make[1]: вход в каталог «/home/ilya/Yandex.Disk/PROGRAMMING/MIPT/3rd_term/tasks/second_statistics/cmake-build-debug/CMakeFiles/CMakeTmp»
Building C object CMakeFiles/cmTC_6a6d1.dir/CheckFunctionExists.c.o
/usr/bin/cc    -DCHECK_FUNCTION_EXISTS=pthread_create   -o CMakeFiles/cmTC_6a6d1.dir/CheckFunctionExists.c.o   -c /home/ilya/IDE/clion-2016.3.1/bin/cmake/share/cmake-3.6/Modules/CheckFunctionExists.c
Linking C executable cmTC_6a6d1
/home/ilya/IDE/clion-2016.3.1/bin/cmake/bin/cmake -E cmake_link_script CMakeFiles/cmTC_6a6d1.dir/link.txt --verbose=1
/usr/bin/cc   -DCHECK_FUNCTION_EXISTS=pthread_create    CMakeFiles/cmTC_6a6d1.dir/CheckFunctionExists.c.o  -o cmTC_6a6d1 -rdynamic -lpthreads 
/usr/bin/ld: cannot find -lpthreads
collect2: ошибка: выполнение ld завершилось с кодом возврата 1
make[1]: *** [CMakeFiles/cmTC_6a6d1.dir/build.make:98: cmTC_6a6d1] Ошибка 1
make[1]: выход из каталога «/home/ilya/Yandex.Disk/PROGRAMMING/MIPT/3rd_term/tasks/second_statistics/cmake-build-debug/CMakeFiles/CMakeTmp»
make: *** [Makefile:126: cmTC_6a6d1/fast] Ошибка 2


