Determining if the pthread_create exist failed with the following output:
Change Dir: /home/ilya/Yandex.Disk/PROGRAMMING/MIPT/3rd_term/tasks/treap_bstree_height_cmp/cmake-build-debug/CMakeFiles/CMakeTmp

Run Build Command:"/usr/bin/make" "cmTC_c7c75/fast"
/usr/bin/make -f CMakeFiles/cmTC_c7c75.dir/build.make CMakeFiles/cmTC_c7c75.dir/build
make[1]: вход в каталог «/home/ilya/Yandex.Disk/PROGRAMMING/MIPT/3rd_term/tasks/treap_bstree_height_cmp/cmake-build-debug/CMakeFiles/CMakeTmp»
Building C object CMakeFiles/cmTC_c7c75.dir/CheckSymbolExists.c.o
/usr/bin/cc     -o CMakeFiles/cmTC_c7c75.dir/CheckSymbolExists.c.o   -c /home/ilya/Yandex.Disk/PROGRAMMING/MIPT/3rd_term/tasks/treap_bstree_height_cmp/cmake-build-debug/CMakeFiles/CMakeTmp/CheckSymbolExists.c
Linking C executable cmTC_c7c75
/home/ilya/IDE/clion-2016.3.1/bin/cmake/bin/cmake -E cmake_link_script CMakeFiles/cmTC_c7c75.dir/link.txt --verbose=1
/usr/bin/cc       CMakeFiles/cmTC_c7c75.dir/CheckSymbolExists.c.o  -o cmTC_c7c75 
CMakeFiles/cmTC_c7c75.dir/CheckSymbolExists.c.o: In function `main':
CheckSymbolExists.c:(.text+0x16): undefined reference to `pthread_create'
collect2: ошибка: выполнение ld завершилось с кодом возврата 1
make[1]: *** [CMakeFiles/cmTC_c7c75.dir/build.make:98: cmTC_c7c75] Ошибка 1
make[1]: выход из каталога «/home/ilya/Yandex.Disk/PROGRAMMING/MIPT/3rd_term/tasks/treap_bstree_height_cmp/cmake-build-debug/CMakeFiles/CMakeTmp»
make: *** [Makefile:126: cmTC_c7c75/fast] Ошибка 2

File /home/ilya/Yandex.Disk/PROGRAMMING/MIPT/3rd_term/tasks/treap_bstree_height_cmp/cmake-build-debug/CMakeFiles/CMakeTmp/CheckSymbolExists.c:
/* */
#include <pthread.h>

int main(int argc, char** argv)
{
  (void)argv;
#ifndef pthread_create
  return ((int*)(&pthread_create))[argc];
#else
  (void)argc;
  return 0;
#endif
}

Determining if the function pthread_create exists in the pthreads failed with the following output:
Change Dir: /home/ilya/Yandex.Disk/PROGRAMMING/MIPT/3rd_term/tasks/treap_bstree_height_cmp/cmake-build-debug/CMakeFiles/CMakeTmp

Run Build Command:"/usr/bin/make" "cmTC_960b0/fast"
/usr/bin/make -f CMakeFiles/cmTC_960b0.dir/build.make CMakeFiles/cmTC_960b0.dir/build
make[1]: вход в каталог «/home/ilya/Yandex.Disk/PROGRAMMING/MIPT/3rd_term/tasks/treap_bstree_height_cmp/cmake-build-debug/CMakeFiles/CMakeTmp»
Building C object CMakeFiles/cmTC_960b0.dir/CheckFunctionExists.c.o
/usr/bin/cc    -DCHECK_FUNCTION_EXISTS=pthread_create   -o CMakeFiles/cmTC_960b0.dir/CheckFunctionExists.c.o   -c /home/ilya/IDE/clion-2016.3.1/bin/cmake/share/cmake-3.6/Modules/CheckFunctionExists.c
Linking C executable cmTC_960b0
/home/ilya/IDE/clion-2016.3.1/bin/cmake/bin/cmake -E cmake_link_script CMakeFiles/cmTC_960b0.dir/link.txt --verbose=1
/usr/bin/cc   -DCHECK_FUNCTION_EXISTS=pthread_create    CMakeFiles/cmTC_960b0.dir/CheckFunctionExists.c.o  -o cmTC_960b0 -lpthreads 
/usr/bin/ld: cannot find -lpthreads
collect2: ошибка: выполнение ld завершилось с кодом возврата 1
make[1]: *** [CMakeFiles/cmTC_960b0.dir/build.make:98: cmTC_960b0] Ошибка 1
make[1]: выход из каталога «/home/ilya/Yandex.Disk/PROGRAMMING/MIPT/3rd_term/tasks/treap_bstree_height_cmp/cmake-build-debug/CMakeFiles/CMakeTmp»
make: *** [Makefile:126: cmTC_960b0/fast] Ошибка 2


